--- Copying files at Sun May  1 04:26:55 UTC 2016
/usr/share/jenkins/ref/hudson.plugins.sonar.SonarGlobalConfiguration.xml
 /usr/share/jenkins/ref/hudson.plugins.sonar.SonarGlobalConfiguration.xml -> hudson.plugins.sonar.SonarGlobalConfiguration.xml
copy hudson.plugins.sonar.SonarGlobalConfiguration.xml to JENKINS_HOME
/usr/share/jenkins/ref/jenkins.mvn.GlobalMavenConfig.xml
 /usr/share/jenkins/ref/jenkins.mvn.GlobalMavenConfig.xml -> jenkins.mvn.GlobalMavenConfig.xml
copy jenkins.mvn.GlobalMavenConfig.xml to JENKINS_HOME
/usr/share/jenkins/ref/maven-global-settings-files.xml
 /usr/share/jenkins/ref/maven-global-settings-files.xml -> maven-global-settings-files.xml
copy maven-global-settings-files.xml to JENKINS_HOME
/usr/share/jenkins/ref/hudson.tasks.Maven.xml
 /usr/share/jenkins/ref/hudson.tasks.Maven.xml -> hudson.tasks.Maven.xml
copy hudson.tasks.Maven.xml to JENKINS_HOME
/usr/share/jenkins/ref/config.xml
 /usr/share/jenkins/ref/config.xml -> config.xml
copy config.xml to JENKINS_HOME
/usr/share/jenkins/ref/plugins/ssh-credentials.jpi
 /usr/share/jenkins/ref/plugins/ssh-credentials.jpi -> plugins/ssh-credentials.jpi
copy plugins/ssh-credentials.jpi to JENKINS_HOME
/usr/share/jenkins/ref/plugins/dashboard-view.jpi
 /usr/share/jenkins/ref/plugins/dashboard-view.jpi -> plugins/dashboard-view.jpi
copy plugins/dashboard-view.jpi to JENKINS_HOME
/usr/share/jenkins/ref/plugins/scm-api.jpi
 /usr/share/jenkins/ref/plugins/scm-api.jpi -> plugins/scm-api.jpi
copy plugins/scm-api.jpi to JENKINS_HOME
/usr/share/jenkins/ref/plugins/git-client.jpi
 /usr/share/jenkins/ref/plugins/git-client.jpi -> plugins/git-client.jpi
copy plugins/git-client.jpi to JENKINS_HOME
/usr/share/jenkins/ref/plugins/analysis-core.jpi
 /usr/share/jenkins/ref/plugins/analysis-core.jpi -> plugins/analysis-core.jpi
copy plugins/analysis-core.jpi to JENKINS_HOME
/usr/share/jenkins/ref/plugins/groovy.jpi
 /usr/share/jenkins/ref/plugins/groovy.jpi -> plugins/groovy.jpi
copy plugins/groovy.jpi to JENKINS_HOME
/usr/share/jenkins/ref/plugins/config-file-provider.jpi
 /usr/share/jenkins/ref/plugins/config-file-provider.jpi -> plugins/config-file-provider.jpi
copy plugins/config-file-provider.jpi to JENKINS_HOME
/usr/share/jenkins/ref/plugins/git.jpi
 /usr/share/jenkins/ref/plugins/git.jpi -> plugins/git.jpi
copy plugins/git.jpi to JENKINS_HOME
/usr/share/jenkins/ref/plugins/script-security.jpi
 /usr/share/jenkins/ref/plugins/script-security.jpi -> plugins/script-security.jpi
copy plugins/script-security.jpi to JENKINS_HOME
/usr/share/jenkins/ref/plugins/docker-plugin.jpi
 /usr/share/jenkins/ref/plugins/docker-plugin.jpi -> plugins/docker-plugin.jpi
copy plugins/docker-plugin.jpi to JENKINS_HOME
/usr/share/jenkins/ref/plugins/checkstyle.jpi
 /usr/share/jenkins/ref/plugins/checkstyle.jpi -> plugins/checkstyle.jpi
copy plugins/checkstyle.jpi to JENKINS_HOME
/usr/share/jenkins/ref/plugins/ssh-slaves.jpi
 /usr/share/jenkins/ref/plugins/ssh-slaves.jpi -> plugins/ssh-slaves.jpi
copy plugins/ssh-slaves.jpi to JENKINS_HOME
/usr/share/jenkins/ref/plugins/durable-task.jpi
 /usr/share/jenkins/ref/plugins/durable-task.jpi -> plugins/durable-task.jpi
copy plugins/durable-task.jpi to JENKINS_HOME
/usr/share/jenkins/ref/plugins/token-macro.jpi
 /usr/share/jenkins/ref/plugins/token-macro.jpi -> plugins/token-macro.jpi
copy plugins/token-macro.jpi to JENKINS_HOME
/usr/share/jenkins/ref/plugins/credentials.jpi
 /usr/share/jenkins/ref/plugins/credentials.jpi -> plugins/credentials.jpi
copy plugins/credentials.jpi to JENKINS_HOME
/usr/share/jenkins/ref/plugins/dry.jpi
 /usr/share/jenkins/ref/plugins/dry.jpi -> plugins/dry.jpi
copy plugins/dry.jpi to JENKINS_HOME
/usr/share/jenkins/ref/plugins/cobertura.jpi
 /usr/share/jenkins/ref/plugins/cobertura.jpi -> plugins/cobertura.jpi
copy plugins/cobertura.jpi to JENKINS_HOME
/usr/share/jenkins/ref/plugins/matrix-auth.jpi
 /usr/share/jenkins/ref/plugins/matrix-auth.jpi -> plugins/matrix-auth.jpi
copy plugins/matrix-auth.jpi to JENKINS_HOME
/usr/share/jenkins/ref/plugins/sonar.jpi
 /usr/share/jenkins/ref/plugins/sonar.jpi -> plugins/sonar.jpi
copy plugins/sonar.jpi to JENKINS_HOME
/usr/share/jenkins/ref/plugins/jquery.jpi
 /usr/share/jenkins/ref/plugins/jquery.jpi -> plugins/jquery.jpi
copy plugins/jquery.jpi to JENKINS_HOME
/usr/share/jenkins/ref/plugins/python.jpi
 /usr/share/jenkins/ref/plugins/python.jpi -> plugins/python.jpi
copy plugins/python.jpi to JENKINS_HOME
/usr/share/jenkins/ref/plugins/cloudbees-folder.jpi
 /usr/share/jenkins/ref/plugins/cloudbees-folder.jpi -> plugins/cloudbees-folder.jpi
copy plugins/cloudbees-folder.jpi to JENKINS_HOME
/usr/share/jenkins/ref/plugins/javadoc.jpi
 /usr/share/jenkins/ref/plugins/javadoc.jpi -> plugins/javadoc.jpi
copy plugins/javadoc.jpi to JENKINS_HOME
/usr/share/jenkins/ref/plugins/ansicolor.jpi
 /usr/share/jenkins/ref/plugins/ansicolor.jpi -> plugins/ansicolor.jpi
copy plugins/ansicolor.jpi to JENKINS_HOME
/usr/share/jenkins/ref/plugins/configurationslicing.jpi
 /usr/share/jenkins/ref/plugins/configurationslicing.jpi -> plugins/configurationslicing.jpi
copy plugins/configurationslicing.jpi to JENKINS_HOME
/usr/share/jenkins/ref/plugins/icon-shim.jpi
 /usr/share/jenkins/ref/plugins/icon-shim.jpi -> plugins/icon-shim.jpi
copy plugins/icon-shim.jpi to JENKINS_HOME
/usr/share/jenkins/ref/init.groovy.d/tcp-slave-agent-port.groovy
 /usr/share/jenkins/ref/init.groovy.d/tcp-slave-agent-port.groovy -> init.groovy.d/tcp-slave-agent-port.groovy
copy init.groovy.d/tcp-slave-agent-port.groovy to JENKINS_HOME
--- Copying files at Sun Dec 11 19:54:12 UTC 2016
/usr/share/jenkins/ref/hudson.plugins.sonar.SonarGlobalConfiguration.xml
 /usr/share/jenkins/ref/hudson.plugins.sonar.SonarGlobalConfiguration.xml -> hudson.plugins.sonar.SonarGlobalConfiguration.xml
/usr/share/jenkins/ref/jenkins.mvn.GlobalMavenConfig.xml
 /usr/share/jenkins/ref/jenkins.mvn.GlobalMavenConfig.xml -> jenkins.mvn.GlobalMavenConfig.xml
/usr/share/jenkins/ref/maven-global-settings-files.xml
 /usr/share/jenkins/ref/maven-global-settings-files.xml -> maven-global-settings-files.xml
/usr/share/jenkins/ref/hudson.tasks.Maven.xml
 /usr/share/jenkins/ref/hudson.tasks.Maven.xml -> hudson.tasks.Maven.xml
/usr/share/jenkins/ref/config.xml
 /usr/share/jenkins/ref/config.xml -> config.xml
/usr/share/jenkins/ref/plugins/ssh-credentials.jpi
 /usr/share/jenkins/ref/plugins/ssh-credentials.jpi -> plugins/ssh-credentials.jpi
/usr/share/jenkins/ref/plugins/dashboard-view.jpi
 /usr/share/jenkins/ref/plugins/dashboard-view.jpi -> plugins/dashboard-view.jpi
/usr/share/jenkins/ref/plugins/scm-api.jpi
 /usr/share/jenkins/ref/plugins/scm-api.jpi -> plugins/scm-api.jpi
/usr/share/jenkins/ref/plugins/git-client.jpi
 /usr/share/jenkins/ref/plugins/git-client.jpi -> plugins/git-client.jpi
/usr/share/jenkins/ref/plugins/analysis-core.jpi
 /usr/share/jenkins/ref/plugins/analysis-core.jpi -> plugins/analysis-core.jpi
/usr/share/jenkins/ref/plugins/groovy.jpi
 /usr/share/jenkins/ref/plugins/groovy.jpi -> plugins/groovy.jpi
/usr/share/jenkins/ref/plugins/config-file-provider.jpi
 /usr/share/jenkins/ref/plugins/config-file-provider.jpi -> plugins/config-file-provider.jpi
/usr/share/jenkins/ref/plugins/git.jpi
 /usr/share/jenkins/ref/plugins/git.jpi -> plugins/git.jpi
/usr/share/jenkins/ref/plugins/script-security.jpi
 /usr/share/jenkins/ref/plugins/script-security.jpi -> plugins/script-security.jpi
/usr/share/jenkins/ref/plugins/docker-plugin.jpi
 /usr/share/jenkins/ref/plugins/docker-plugin.jpi -> plugins/docker-plugin.jpi
/usr/share/jenkins/ref/plugins/checkstyle.jpi
 /usr/share/jenkins/ref/plugins/checkstyle.jpi -> plugins/checkstyle.jpi
/usr/share/jenkins/ref/plugins/ssh-slaves.jpi
 /usr/share/jenkins/ref/plugins/ssh-slaves.jpi -> plugins/ssh-slaves.jpi
/usr/share/jenkins/ref/plugins/durable-task.jpi
 /usr/share/jenkins/ref/plugins/durable-task.jpi -> plugins/durable-task.jpi
/usr/share/jenkins/ref/plugins/token-macro.jpi
 /usr/share/jenkins/ref/plugins/token-macro.jpi -> plugins/token-macro.jpi
/usr/share/jenkins/ref/plugins/credentials.jpi
 /usr/share/jenkins/ref/plugins/credentials.jpi -> plugins/credentials.jpi
/usr/share/jenkins/ref/plugins/dry.jpi
 /usr/share/jenkins/ref/plugins/dry.jpi -> plugins/dry.jpi
/usr/share/jenkins/ref/plugins/cobertura.jpi
 /usr/share/jenkins/ref/plugins/cobertura.jpi -> plugins/cobertura.jpi
/usr/share/jenkins/ref/plugins/matrix-auth.jpi
 /usr/share/jenkins/ref/plugins/matrix-auth.jpi -> plugins/matrix-auth.jpi
/usr/share/jenkins/ref/plugins/sonar.jpi
 /usr/share/jenkins/ref/plugins/sonar.jpi -> plugins/sonar.jpi
/usr/share/jenkins/ref/plugins/jquery.jpi
 /usr/share/jenkins/ref/plugins/jquery.jpi -> plugins/jquery.jpi
/usr/share/jenkins/ref/plugins/python.jpi
 /usr/share/jenkins/ref/plugins/python.jpi -> plugins/python.jpi
/usr/share/jenkins/ref/plugins/cloudbees-folder.jpi
 /usr/share/jenkins/ref/plugins/cloudbees-folder.jpi -> plugins/cloudbees-folder.jpi
/usr/share/jenkins/ref/plugins/javadoc.jpi
 /usr/share/jenkins/ref/plugins/javadoc.jpi -> plugins/javadoc.jpi
/usr/share/jenkins/ref/plugins/ansicolor.jpi
 /usr/share/jenkins/ref/plugins/ansicolor.jpi -> plugins/ansicolor.jpi
/usr/share/jenkins/ref/plugins/configurationslicing.jpi
 /usr/share/jenkins/ref/plugins/configurationslicing.jpi -> plugins/configurationslicing.jpi
/usr/share/jenkins/ref/plugins/icon-shim.jpi
 /usr/share/jenkins/ref/plugins/icon-shim.jpi -> plugins/icon-shim.jpi
/usr/share/jenkins/ref/init.groovy.d/tcp-slave-agent-port.groovy
 /usr/share/jenkins/ref/init.groovy.d/tcp-slave-agent-port.groovy -> init.groovy.d/tcp-slave-agent-port.groovy
